  screen_transalate_ocr.cpp
  ppocrv5.cpp
C:\Users\lol\source\repos\screen_transalate_ocr\PaddleOCRv5_ncnn\src\ppocrv5.cpp(93,47): warning C4244: “参数”: 从“const float”转换到“_Tp”，可能丢失数据
C:\Users\lol\source\repos\screen_transalate_ocr\PaddleOCRv5_ncnn\src\ppocrv5.cpp(93,47): warning C4244:         with
C:\Users\lol\source\repos\screen_transalate_ocr\PaddleOCRv5_ncnn\src\ppocrv5.cpp(93,47): warning C4244:         [
C:\Users\lol\source\repos\screen_transalate_ocr\PaddleOCRv5_ncnn\src\ppocrv5.cpp(93,47): warning C4244:             _Tp=int
C:\Users\lol\source\repos\screen_transalate_ocr\PaddleOCRv5_ncnn\src\ppocrv5.cpp(93,47): warning C4244:         ]
C:\Users\lol\source\repos\screen_transalate_ocr\PaddleOCRv5_ncnn\src\ppocrv5.cpp(120,47): warning C4244: “参数”: 从“const float”转换到“_Tp”，可能丢失数据
C:\Users\lol\source\repos\screen_transalate_ocr\PaddleOCRv5_ncnn\src\ppocrv5.cpp(120,47): warning C4244:         with
C:\Users\lol\source\repos\screen_transalate_ocr\PaddleOCRv5_ncnn\src\ppocrv5.cpp(120,47): warning C4244:         [
C:\Users\lol\source\repos\screen_transalate_ocr\PaddleOCRv5_ncnn\src\ppocrv5.cpp(120,47): warning C4244:             _Tp=int
C:\Users\lol\source\repos\screen_transalate_ocr\PaddleOCRv5_ncnn\src\ppocrv5.cpp(120,47): warning C4244:         ]
C:\Users\lol\source\repos\screen_transalate_ocr\PaddleOCRv5_ncnn\src\ppocrv5.cpp(194,14): error C2589: “(”:“::”右边的非法标记
C:\Users\lol\source\repos\screen_transalate_ocr\PaddleOCRv5_ncnn\src\ppocrv5.cpp(200,19): warning C4244: “=”: 从“float”转换到“int”，可能丢失数据
C:\Users\lol\source\repos\screen_transalate_ocr\PaddleOCRv5_ncnn\src\ppocrv5.cpp(206,19): warning C4244: “=”: 从“float”转换到“int”，可能丢失数据
C:\Users\lol\source\repos\screen_transalate_ocr\PaddleOCRv5_ncnn\src\ppocrv5.cpp(257,30): error C2589: “(”:“::”右边的非法标记
C:\Users\lol\source\repos\screen_transalate_ocr\PaddleOCRv5_ncnn\src\ppocrv5.cpp(271,38): error C2589: “(”:“::”右边的非法标记
C:\Users\lol\source\repos\screen_transalate_ocr\PaddleOCRv5_ncnn\src\ppocrv5.cpp(318,24): warning C4244: “=”: 从“double”转换到“float”，可能丢失数据
C:\Users\lol\source\repos\screen_transalate_ocr\PaddleOCRv5_ncnn\src\ppocrv5.cpp(336,38): warning C4305: “初始化”: 从“double”到“const float”截断
C:\Users\lol\source\repos\screen_transalate_ocr\PaddleOCRv5_ncnn\src\ppocrv5.cpp(336,51): warning C4305: “初始化”: 从“double”到“const float”截断
C:\Users\lol\source\repos\screen_transalate_ocr\PaddleOCRv5_ncnn\src\ppocrv5.cpp(336,64): warning C4305: “初始化”: 从“double”到“const float”截断
C:\Users\lol\source\repos\screen_transalate_ocr\PaddleOCRv5_ncnn\src\ppocrv5.cpp(381,17): error C3016: “i”: OpenMP“for”语句中的索引变量必须是有符号的整型
C:\Users\lol\source\repos\screen_transalate_ocr\PaddleOCRv5_ncnn\src\ppocrv5.cpp(493,15): warning C4244: “初始化”: 从“_Tp”转换到“int”，可能丢失数据
C:\Users\lol\source\repos\screen_transalate_ocr\PaddleOCRv5_ncnn\src\ppocrv5.cpp(493,15): warning C4244:         with
C:\Users\lol\source\repos\screen_transalate_ocr\PaddleOCRv5_ncnn\src\ppocrv5.cpp(493,15): warning C4244:         [
C:\Users\lol\source\repos\screen_transalate_ocr\PaddleOCRv5_ncnn\src\ppocrv5.cpp(493,15): warning C4244:             _Tp=float
C:\Users\lol\source\repos\screen_transalate_ocr\PaddleOCRv5_ncnn\src\ppocrv5.cpp(493,15): warning C4244:         ]
C:\Users\lol\source\repos\screen_transalate_ocr\PaddleOCRv5_ncnn\src\ppocrv5.cpp(494,15): warning C4244: “初始化”: 从“_Tp”转换到“int”，可能丢失数据
C:\Users\lol\source\repos\screen_transalate_ocr\PaddleOCRv5_ncnn\src\ppocrv5.cpp(494,15): warning C4244:         with
C:\Users\lol\source\repos\screen_transalate_ocr\PaddleOCRv5_ncnn\src\ppocrv5.cpp(494,15): warning C4244:         [
C:\Users\lol\source\repos\screen_transalate_ocr\PaddleOCRv5_ncnn\src\ppocrv5.cpp(494,15): warning C4244:             _Tp=float
C:\Users\lol\source\repos\screen_transalate_ocr\PaddleOCRv5_ncnn\src\ppocrv5.cpp(494,15): warning C4244:         ]
C:\Users\lol\source\repos\screen_transalate_ocr\PaddleOCRv5_ncnn\src\ppocrv5.cpp(557,19): warning C4244: “初始化”: 从“double”转换到“float”，可能丢失数据
  正在生成代码...
